<?xml version="1.0" encoding="UTF-8"?>
<?oxygen SCHSchema="../rules/common.sch"?>
<?oxygen RNGSchema="../test-harness.rng" type="xml"?>
<synopsis ecc:schemaLocation="" ecc:version="" grddl:transformation=""
	xmlns="http://www.cap.org/pert/2009/01/"
	xmlns:ecc="http://www.cap.org/pert/2009/01/"
	xmlns:grddl="http://www.w3.org/2003/g/data-view#">
	<!--~~~~~~~~~~~~~~~~~~~~~~~~~~~~~~~~~~~~~~~~~~~~~~~~~~~~~~~~~~~~-->
	<accessory>
		<label>Additional tumor-related findings</label>
		<venousInvasion>
			<response value="negative"/>
		</venousInvasion>
		<lymphovascularInvasion>
			<response value="negative">
				<label>no evidence of lymphatic invasion</label>
			</response>
		</lymphovascularInvasion>
		<perineuralInvasion>
			<response value="negative"/>
		</perineuralInvasion>
		<treatmentEffect>
			<response value="complete response"/>
		</treatmentEffect>
	</accessory>
	<!--~~~~~~~~~~~~~~~~~~~~~~~~~~~~~~~~~~~~~~~~~~~~~~~~~~~~~~~~~~~~-->
	<additional>
		<item name="specify">
			<specify>scar and chronic inflammation</specify>
			<response value="positive">
				<comment>This probably represents evidence of prior
					surgery.</comment>
			</response>
		</item>
	</additional>
	<!--~~~~~~~~~~~~~~~~~~~~~~~~~~~~~~~~~~~~~~~~~~~~~~~~~~~~~~~~~~~~-->
	<clinical>
		<priorTherapy date="2008-06" duration="P1M">
			<response value="specify">
				<specify>vincristine and methotrexate</specify>
			</response>
		</priorTherapy>
		<clinicalFinding date="2009-10-21">
			<label>Clinical Examination Result:</label>
			<response value="specify">
				<specify>fever</specify>
			</response>
			<comment>taken in office</comment>
		</clinicalFinding>
		<clinicalFinding>
			<response value="specify">
				<specify>dizziness</specify>
			</response>
		</clinicalFinding>
		<radiologicFinding date="2009-11-03">
			<response value="specify">
				<specify>pelvic mass on CT</specify>
			</response>
		</radiologicFinding>
	</clinical>
	<!--~~~~~~~~~~~~~~~~~~~~~~~~~~~~~~~~~~~~~~~~~~~~~~~~~~~~~~~~~~~~-->
	<extent>
		<tumorSize>
			<dimension>
				<response unit="mm" value="250"/>
			</dimension>
			<dimension>
				<response relation="lessThan" unit="mm" value="250"/>
			</dimension>
			<dimension>
				<response relation="lessThanOrEqual" unit="mm" value="2"/>
			</dimension>
		</tumorSize>
	</extent>
	<!-- ~~~~~~~~~~~~~~~~~~~~~~~~~~~~~~~~~~~~~~~~~~~~~~~~~~~~~~~~~~~~ -->
	<margins>
		<margin location="specify">
			<specify>soft tissue</specify>
			<response closest="positive" value="negative">
				<distance>
					<response unit="cm" value="3.2"/>
				</distance>
			</response>
		</margin>
		<margin location="specify">
			<specify>skin</specify>
			<response value="negative"/>
		</margin>
	</margins>
	<!--~~~~~~~~~~~~~~~~~~~~~~~~~~~~~~~~~~~~~~~~~~~~~~~~~~~~~~~~~~~~-->
	<metastases>
		<metastasis location="specify">
			<specify>liver</specify>
			<howDiagnosed>
				<response value="clinical history"/>
			</howDiagnosed>
			<size>
				<dimension>
					<response relation="greaterThanOrEqual" unit="mm" value="5.5"/>
				</dimension>
			</size>
		</metastasis>
	</metastases>
	<!--~~~~~~~~~~~~~~~~~~~~~~~~~~~~~~~~~~~~~~~~~~~~~~~~~~~~~~~~~~~~-->
	<nodes>
		<nodeGroup location="specify">
			<specify>iliac</specify>
			<count status="total">
				<response value="45"/>
			</count>
			<count status="positive">
				<response value="16"/>
				<extracapsular>
					<response value="equivocal"/>
				</extracapsular>
				<largest>
					<dimension>
						<response relation="equal" unit="cm" value="5.5"/>
					</dimension>
				</largest>
			</count>
			<count status="regressed">
				<response value="23"> </response>
			</count>
		</nodeGroup>
	</nodes>
	<!--~~~~~~~~~~~~~~~~~~~~~~~~~~~~~~~~~~~~~~~~~~~~~~~~~~~~~~~~~~~~-->
	<specimen>
		<procedure>
			<response value="specify">
				<specify>excision</specify>
				<label>lumpectomy</label>
				<comment>performed endoscopically, with conversion to open
					procedure</comment>
			</response>
		</procedure>
		<specimenSize>
			<dimension>
				<response unit="cm" value="100"/>
			</dimension>
			<dimension>
				<response unit="cm" value="1"/>
			</dimension>
		</specimenSize>
		<specimenSite>
			<response value="specify">
				<specify>tip of nose</specify>
			</response>
		</specimenSite>
		<tumorSite>
			<response value="specify">
				<specify>pelvic soft tissues</specify>
			</response>
		</tumorSite>
		<integrity>
			<response value="intact"/>
		</integrity>
		<tumorGrossSize>
			<dimension>
				<response unit="cm" value="30"/>
			</dimension>
			<dimension>
				<response unit="cm" value="20"/>
			</dimension>
			<dimension>
				<response unit="cm" value="1"/>
			</dimension>
		</tumorGrossSize>
		<specimenWeight>
			<response unit="g" value="200"/>
		</specimenWeight>
	</specimen>
	<!--~~~~~~~~~~~~~~~~~~~~~~~~~~~~~~~~~~~~~~~~~~~~~~~~~~~~~~~~~~~~-->
	<stage>
		<prefix>
			<response value="y"/>
		</prefix>
		<classification>
			<response value="p"/>
		</classification>
		<T>
			<response multiplicity="3" value="specify">
				<specify>not stageable as site uncertain</specify>
			</response>
		</T>
		<N>
			<response value="specify">
				<specify>not stageable as site uncertain</specify>
			</response>
		</N>
		<M>
			<response value="1"/>
		</M>
	</stage>
	<!--~~~~~~~~~~~~~~~~~~~~~~~~~~~~~~~~~~~~~~~~~~~~~~~~~~~~~~~~~~~~-->
	<studies>
		<study name="specify">
			<specify>12p13 deletion</specify>
			<response value="pending"/>
			<method>
				<response value="specify">
					<specify>FISH</specify>
				</response>
			</method>
		</study>
	</studies>
	<!--~~~~~~~~~~~~~~~~~~~~~~~~~~~~~~~~~~~~~~~~~~~~~~~~~~~~~~~~~~~~-->
	<tumor>
		<histologicType>
			<response value="specify">
				<specify>unclassifiable type</specify>
			</response>
		</histologicType>
		<grade system="2-grade">
			<response value="G2"/>
		</grade>
	</tumor>
	<!--~~~~~~~~~~~~~~~~~~~~~~~~~~~~~~~~~~~~~~~~~~~~~~~~~~~~~~~~~~~~-->
</synopsis>
