<?xml version="1.0" encoding="UTF-8"?>
<grammar datatypeLibrary="http://www.w3.org/2001/XMLSchema-datatypes" ns="http://cap#"
    xmlns="http://relaxng.org/ns/structure/1.0" xmlns:a="http://relaxng.org/ns/compatibility/annotations/1.0"
    xmlns:ecc="http://cap#">
    <!--=============================================================-->
    <include href="values.rng"/>
    <include href="generic.rng"/>
    <!--=============================================================-->
    <define name="accessory.content">
        <!--~~~~~~~~~~~~~~~~~~~~~~~~~~~~~~~~~~~~~~~~~~~~~~~~~~~~~~~~~~~~~-->
        <optional>
            <grammar>
                <include href="item.rng">
                    <define name="item">
                        <element name="treatment_effect">
                            <ref name="content"/>
                        </element>
                    </define>
                    <define name="response">
                        <ref name="selectOne"/>
                    </define>
                </include>
                <define name="valueset">
                    <parentRef name="accessory.treatmentEffect.valueset"/>
                </define>
            </grammar>
        </optional>
        <!--~~~~~~~~~~~~~~~~~~~~~~~~~~~~~~~~~~~~~~~~~~~~~~~~~~~~~~~~~~~~~-->
        <optional>
            <grammar>
                <include href="item.rng">
                    <rng:element name="lymph-vascular_invasion" xmlns="" xmlns:rng="http://relaxng.org/ns/structure/1.0">
                        <rng:ref name="content"/>
                    </rng:element>
                    <define name="response">
                        <ref name="selectOne"/>
                    </define>
                </include>
                <define name="valueset">
                    <parentRef name="accessory.lymph-vascularInvasion.valueset"/>
                </define>
            </grammar>
        </optional>
        <!--~~~~~~~~~~~~~~~~~~~~~~~~~~~~~~~~~~~~~~~~~~~~~~~~~~~~~~~~~~~~~-->
        <optional>
            <grammar>
                <include href="item.rng">
                    <rng:element name="perineural_invasion" xmlns="" xmlns:rng="http://relaxng.org/ns/structure/1.0">
                        <rng:ref name="content"/>
                    </rng:element>
                    <define name="response">
                        <ref name="selectOne"/>
                    </define>
                </include>
                <define name="valueset">
                    <parentRef name="accessory.perineuralInvasion.valueset"/>
                </define>
            </grammar>
        </optional>
        <!--~~~~~~~~~~~~~~~~~~~~~~~~~~~~~~~~~~~~~~~~~~~~~~~~~~~~~~~~~~~~~-->
        <ref name="accessory.extension"/>
        <!--~~~~~~~~~~~~~~~~~~~~~~~~~~~~~~~~~~~~~~~~~~~~~~~~~~~~~~~~~~~~~-->
    </define>
    <!--=============================================================-->
    <define combine="interleave" name="accessory.extension">
        <empty/>
    </define>
    <!--=============================================================-->
    <define name="additional.content">
        <!--~~~~~~~~~~~~~~~~~~~~~~~~~~~~~~~~~~~~~~~~~~~~~~~~~~~~~~~~~~~~~-->
        <empty/>
        <!--~~~~~~~~~~~~~~~~~~~~~~~~~~~~~~~~~~~~~~~~~~~~~~~~~~~~~~~~~~~~~-->
        <ref name="additional.extension"/>
        <!--~~~~~~~~~~~~~~~~~~~~~~~~~~~~~~~~~~~~~~~~~~~~~~~~~~~~~~~~~~~~~-->
    </define>
    <!--~~~~~~~~~~~~~~~~~~~~~~~~~~~~~~~~~~~~~~~~~~~~~~~~~~~~~~~~~~~~~-->
    <define combine="interleave" name="additional.extension">
        <empty/>
    </define>
    <!--=============================================================-->
    <define name="clinical.content">
        <!--~~~~~~~~~~~~~~~~~~~~~~~~~~~~~~~~~~~~~~~~~~~~~~~~~~~~~~~~~~~~~-->
        <zeroOrMore>
            <!--~~~~~~~~~~~~~~~~~~~~~~~~~~~~~~~~~~~~~~~~~~~~~~~~~~~~~~~~~~~~~-->
            <choice>
                <!--~~~~~~~~~~~~~~~~~~~~~~~~~~~~~~~~~~~~~~~~~~~~~~~~~~~~~~~~~~~~~-->
                <grammar>
                    <include href="item.rng">
                        <rng:element name="clinical_finding" xmlns="" xmlns:rng="http://relaxng.org/ns/structure/1.0">
                            <rng:ref name="content"/>
                        </rng:element>
                        <define name="response">
                            <ref name="selectOne"/>
                        </define>
                        <define name="item.extension">
                            <optional>
                                <ref name="date"/>
                            </optional>
                        </define>
                    </include>
                    <define name="valueset">
                        <parentRef name="clinical.clinicalFinding.valueset"/>
                    </define>
                </grammar>
                <!--~~~~~~~~~~~~~~~~~~~~~~~~~~~~~~~~~~~~~~~~~~~~~~~~~~~~~~~~~~~~~-->
                <grammar>
                    <include href="item.rng">
                        <rng:element name="prior_pathologic_diagnosis" xmlns=""
                            xmlns:rng="http://relaxng.org/ns/structure/1.0">
                            <rng:ref name="content"/>
                        </rng:element>
                        <define name="response">
                            <ref name="selectOne"/>
                        </define>
                        <define name="item.extension">
                            <optional>
                                <ref name="date"/>
                            </optional>
                        </define>
                    </include>
                    <define name="valueset">
                        <parentRef name="clinical.priorPathologicDiagnosis.valueset"/>
                    </define>
                </grammar>
                <!--~~~~~~~~~~~~~~~~~~~~~~~~~~~~~~~~~~~~~~~~~~~~~~~~~~~~~~~~~~~~~-->
                <grammar>
                    <include href="item.rng">
                        <rng:element name="prior_therapy" xmlns="" xmlns:rng="http://relaxng.org/ns/structure/1.0">
                            <rng:ref name="content"/>
                        </rng:element>
                        <define name="response">
                            <ref name="selectOne"/>
                        </define>
                        <define name="item.extension">
                            <optional>
                                <ref name="date"/>
                            </optional>
                        </define>
                    </include>
                    <define name="valueset">
                        <parentRef name="clinical.priorTherapy.valueset"/>
                    </define>
                </grammar>
                <!--~~~~~~~~~~~~~~~~~~~~~~~~~~~~~~~~~~~~~~~~~~~~~~~~~~~~~~~~~~~~~-->
                <grammar>
                    <include href="item.rng">
                        <rng:element name="radiologic_finding" xmlns="" xmlns:rng="http://relaxng.org/ns/structure/1.0">
                            <rng:ref name="content"/>
                        </rng:element>
                        <define name="response">
                            <ref name="selectOne"/>
                        </define>
                        <define name="item.extension">
                            <optional>
                                <ref name="date"/>
                            </optional>
                        </define>
                    </include>
                    <define name="valueset">
                        <parentRef name="clinical.radiologicFinding.valueset"/>
                    </define>
                </grammar>
                <!--~~~~~~~~~~~~~~~~~~~~~~~~~~~~~~~~~~~~~~~~~~~~~~~~~~~~~~~~~~~~~-->
            </choice>
            <!--~~~~~~~~~~~~~~~~~~~~~~~~~~~~~~~~~~~~~~~~~~~~~~~~~~~~~~~~~~~~~-->
        </zeroOrMore>
        <!--~~~~~~~~~~~~~~~~~~~~~~~~~~~~~~~~~~~~~~~~~~~~~~~~~~~~~~~~~~~~~-->
        <ref name="clinical.extension"/>
        <!--~~~~~~~~~~~~~~~~~~~~~~~~~~~~~~~~~~~~~~~~~~~~~~~~~~~~~~~~~~~~~-->
    </define>
    <!--~~~~~~~~~~~~~~~~~~~~~~~~~~~~~~~~~~~~~~~~~~~~~~~~~~~~~~~~~~~~~-->
    <define combine="interleave" name="clinical.extension">
        <empty/>
    </define>
    <!--=============================================================-->
    <define name="extent.content">
        <!--~~~~~~~~~~~~~~~~~~~~~~~~~~~~~~~~~~~~~~~~~~~~~~~~~~~~~~~~~~~~~-->
        <ref name="extent.principalFocus"/>
        <!--~~~~~~~~~~~~~~~~~~~~~~~~~~~~~~~~~~~~~~~~~~~~~~~~~~~~~~~~~~~~~-->
        <zeroOrMore>
            <ref name="extent.additionalFocus"/>
        </zeroOrMore>
        <!--~~~~~~~~~~~~~~~~~~~~~~~~~~~~~~~~~~~~~~~~~~~~~~~~~~~~~~~~~~~~~-->
        <ref name="extent.extension"/>
        <!--~~~~~~~~~~~~~~~~~~~~~~~~~~~~~~~~~~~~~~~~~~~~~~~~~~~~~~~~~~~~~-->
    </define>
    <!--~~~~~~~~~~~~~~~~~~~~~~~~~~~~~~~~~~~~~~~~~~~~~~~~~~~~~~~~~~~~~-->
    <define combine="interleave" name="extent.extension">
        <empty/>
    </define>
    <!--~~~~~~~~~~~~~~~~~~~~~~~~~~~~~~~~~~~~~~~~~~~~~~~~~~~~~~~~~~~~~-->
    <define name="extent.principalFocus">
        <grammar>
            <include href="section.rng">
                <define name="name">
                    <value>principal focus</value>
                </define>
                <define name="content">
                    <parentRef name="extent.principalFocus.content"/>
                </define>
            </include>
        </grammar>
    </define>
    <!--~~~~~~~~~~~~~~~~~~~~~~~~~~~~~~~~~~~~~~~~~~~~~~~~~~~~~~~~~~~~~-->
    <define name="extent.additionalFocus">
        <grammar>
            <include href="section.rng">
                <define name="name">
                    <value>additional focus</value>
                </define>
                <define name="content">
                    <parentRef name="extent.additionalFocus.content"/>
                </define>
            </include>
        </grammar>
    </define>
    <!--~~~~~~~~~~~~~~~~~~~~~~~~~~~~~~~~~~~~~~~~~~~~~~~~~~~~~~~~~~~~~-->
    <define name="extent.principalFocus.content">
        <optional>
            <grammar>
                <include href="item.rng">
                    <rng:element name="location" xmlns="" xmlns:rng="http://relaxng.org/ns/structure/1.0">
                        <rng:ref name="content"/>
                    </rng:element>
                    <define name="response">
                        <ref name="selectMany"/>
                    </define>
                </include>
                <define name="valueset">
                    <parentRef name="extent.sites.valueset"/>
                </define>
            </grammar>
        </optional>
        <ref name="extent.focus.size"/>
        <ref name="extent.principalFocus.extension"/>
    </define>
    <!--~~~~~~~~~~~~~~~~~~~~~~~~~~~~~~~~~~~~~~~~~~~~~~~~~~~~~~~~~~~~~-->
    <define name="extent.additionalFocus.content">
        <optional>
            <grammar>
                <include href="item.rng">
                    <rng:element name="location" xmlns="" xmlns:rng="http://relaxng.org/ns/structure/1.0">
                        <rng:ref name="content"/>
                    </rng:element>
                    <define name="response">
                        <ref name="selectMany"/>
                    </define>
                </include>
                <define name="valueset">
                    <parentRef name="extent.sites.valueset"/>
                </define>
            </grammar>
        </optional>
        <ref name="extent.focus.size"/>
        <optional>
            <ref name="extent.additionalFocus.multiplicity"/>
        </optional>
        <ref name="extent.additionalFocus.extension"/>
    </define>
    <!--~~~~~~~~~~~~~~~~~~~~~~~~~~~~~~~~~~~~~~~~~~~~~~~~~~~~~~~~~~~~~-->
    <define name="extent.additionalFocus.multiplicity">
        <grammar>
            <include href="item.rng">
                <rng:element name="multiplicity" xmlns="" xmlns:rng="http://relaxng.org/ns/structure/1.0">
                    <rng:ref name="content"/>
                </rng:element>
                <define name="response">
                    <ref name="tally"/>
                </define>
            </include>
        </grammar>
    </define>
    <!--~~~~~~~~~~~~~~~~~~~~~~~~~~~~~~~~~~~~~~~~~~~~~~~~~~~~~~~~~~~~~-->
    <define name="extent.focus.size">
        <grammar>
            <include href="item.rng">
                <rng:element name="size" xmlns="" xmlns:rng="http://relaxng.org/ns/structure/1.0">
                    <rng:ref name="content"/>
                </rng:element>
                <define name="response">
                    <choice>
                        <ref name="size"/>
                        <ref name="selectOne"/>
                    </choice>
                </define>
                <define name="valueset">
                    <parentRef name="extent.size.valueset"/>
                </define>
            </include>
        </grammar>
    </define>
    <!--~~~~~~~~~~~~~~~~~~~~~~~~~~~~~~~~~~~~~~~~~~~~~~~~~~~~~~~~~~~~~-->
    <define combine="choice" name="extent.principalFocus.extension">
        <empty/>
    </define>
    <!--~~~~~~~~~~~~~~~~~~~~~~~~~~~~~~~~~~~~~~~~~~~~~~~~~~~~~~~~~~~~~-->
    <define combine="choice" name="extent.additionalFocus.extension">
        <empty/>
    </define>
    <!--=============================================================-->
    <define name="margins.content">
        <oneOrMore>
            <grammar>
                <include href="section.rng">
                    <define name="name">
                        <value>margin</value>
                    </define>
                    <define name="content">
                        <parentRef name="margin.content"/>
                    </define>
                    <define name="extension">
                        <attribute name="location">
                            <parentRef name="margin.location.valueset"/>
                        </attribute>
                    </define>
                </include>
            </grammar>
        </oneOrMore>
        <!--~~~~~~~~~~~~~~~~~~~~~~~~~~~~~~~~~~~~~~~~~~~~~~~~~~~~~~~~~~~~~-->
        <ref name="margins.extension"/>
        <!--~~~~~~~~~~~~~~~~~~~~~~~~~~~~~~~~~~~~~~~~~~~~~~~~~~~~~~~~~~~~~-->
    </define>
    <!--~~~~~~~~~~~~~~~~~~~~~~~~~~~~~~~~~~~~~~~~~~~~~~~~~~~~~~~~~~~~~-->
    <define combine="interleave" name="margins.extension">
        <empty/>
    </define>
    <!--~~~~~~~~~~~~~~~~~~~~~~~~~~~~~~~~~~~~~~~~~~~~~~~~~~~~~~~~~~~~~-->
    <define name="margin.content">
        <oneOrMore>
            <grammar>
                <include href="section.rng">
                    <define name="name">
                        <parentRef name="margin.type.valueset"/>
                    </define>
                </include>
                <define name="content">
                    <parentRef name="margin.type.content"/>
                </define>
            </grammar>
        </oneOrMore>
    </define>
    <!--~~~~~~~~~~~~~~~~~~~~~~~~~~~~~~~~~~~~~~~~~~~~~~~~~~~~~~~~~~~~~-->
    <define name="margin.type.content">
        <grammar>
            <include href="item.rng">
                <rng:element name="status" xmlns="" xmlns:rng="http://relaxng.org/ns/structure/1.0">
                    <rng:ref name="content"/>
                </rng:element>
                <define name="response">
                    <ref name="selectOne"/>
                </define>
            </include>
            <define name="valueset">
                <parentRef name="qualitative.valueset"/>
            </define>
        </grammar>
        <!--~~~~~~~~~~~~~~~~~~~~~~~~~~~~~~~~~~~~~~~~~~~~~~~~~~~~~~~~~~~~~-->
        <optional>
            <grammar>
                <include href="item.rng">
                    <rng:element name="closest" xmlns="" xmlns:rng="http://relaxng.org/ns/structure/1.0">
                        <rng:ref name="content"/>
                    </rng:element>
                    <define name="response">
                        <ref name="selectOne"/>
                    </define>
                </include>
                <define name="valueset">
                    <parentRef name="qualitative.valueset"/>
                </define>
            </grammar>
        </optional>
        <!--~~~~~~~~~~~~~~~~~~~~~~~~~~~~~~~~~~~~~~~~~~~~~~~~~~~~~~~~~~~~~-->
        <optional>
            <grammar>
                <include href="item.rng">
                    <rng:element name="distance" xmlns="" xmlns:rng="http://relaxng.org/ns/structure/1.0">
                        <rng:ref name="content"/>
                    </rng:element>
                    <define name="response">
                        <ref name="length"/>
                    </define>
                </include>
                <define name="item.extension">
                    <optional>
                        <attribute name="from">
                            <parentRef name="from.valueset"/>
                        </attribute>
                    </optional>
                    <optional>
                        <attribute name="to">
                            <parentRef name="to.valueset"/>
                        </attribute>
                    </optional>
                </define>
            </grammar>
        </optional>
        <!--~~~~~~~~~~~~~~~~~~~~~~~~~~~~~~~~~~~~~~~~~~~~~~~~~~~~~~~~~~~~~-->
        <optional>
            <grammar>
                <include href="item.rng">
                    <rng:element name="focality" xmlns="" xmlns:rng="http://relaxng.org/ns/structure/1.0">
                        <rng:ref name="content"/>
                    </rng:element>
                    <define name="response">
                        <ref name="selectOne"/>
                    </define>
                </include>
                <define name="valueset">
                    <parentRef name="margin.focality.valueset"/>
                </define>
            </grammar>
        </optional>
        <!--~~~~~~~~~~~~~~~~~~~~~~~~~~~~~~~~~~~~~~~~~~~~~~~~~~~~~~~~~~~~~-->
    </define>
    <!--=============================================================-->
    <define name="distantSites.content">
        <!--~~~~~~~~~~~~~~~~~~~~~~~~~~~~~~~~~~~~~~~~~~~~~~~~~~~~~~~~~~~~~-->
        <oneOrMore>
            <grammar>
                <include href="section.rng">
                    <define name="name">
                        <value>site</value>
                    </define>
                    <define name="extension">
                        <attribute name="location">
                            <parentRef name="distantSites.location.valueset"/>
                        </attribute>
                        <optional>
                            <attribute name="laterality">
                                <parentRef name="laterality.valueset"/>
                            </attribute>
                        </optional>
                    </define>
                    <define name="content">
                        <parentRef name="site.content"/>
                    </define>
                </include>
            </grammar>
        </oneOrMore>
        <!--~~~~~~~~~~~~~~~~~~~~~~~~~~~~~~~~~~~~~~~~~~~~~~~~~~~~~~~~~~~~~-->
        <ref name="distantSites.extension"/>
        <!--~~~~~~~~~~~~~~~~~~~~~~~~~~~~~~~~~~~~~~~~~~~~~~~~~~~~~~~~~~~~~-->
    </define>
    <!--~~~~~~~~~~~~~~~~~~~~~~~~~~~~~~~~~~~~~~~~~~~~~~~~~~~~~~~~~~~~~-->
    <define combine="interleave" name="distantSites.extension">
        <empty/>
    </define>
    <!--~~~~~~~~~~~~~~~~~~~~~~~~~~~~~~~~~~~~~~~~~~~~~~~~~~~~~~~~~~~~~-->
    <define name="site.content">
        <!--~~~~~~~~~~~~~~~~~~~~~~~~~~~~~~~~~~~~~~~~~~~~~~~~~~~~~~~~~~~~~-->
        <grammar>
            <include href="item.rng">
                <rng:element name="status" xmlns="" xmlns:rng="http://relaxng.org/ns/structure/1.0">
                    <rng:ref name="content"/>
                </rng:element>
                <define name="response">
                    <ref name="selectOne"/>
                </define>
            </include>
            <define name="valueset">
                <parentRef name="qualitative.valueset"/>
            </define>
        </grammar>
        <optional>
            <grammar>
                <include href="item.rng">
                    <rng:element name="size" xmlns="" xmlns:rng="http://relaxng.org/ns/structure/1.0">
                        <rng:ref name="content"/>
                    </rng:element>
                    <define name="response">
                        <ref name="size"/>
                    </define>
                </include>
            </grammar>
        </optional>
        <!--~~~~~~~~~~~~~~~~~~~~~~~~~~~~~~~~~~~~~~~~~~~~~~~~~~~~~~~~~~~~~-->
        <optional>
            <grammar>
                <include href="item.rng">
                    <rng:element name="how_diagnosed" xmlns="" xmlns:rng="http://relaxng.org/ns/structure/1.0">
                        <rng:ref name="content"/>
                    </rng:element>
                    <define name="response">
                        <ref name="selectOne"/>
                    </define>
                </include>
                <define name="valueset">
                    <parentRef name="distantSites.howDiagnosed.valueset"/>
                </define>
            </grammar>
        </optional>
    </define>
    <!--=============================================================-->
    <define name="nodes.content">
        <!--~~~~~~~~~~~~~~~~~~~~~~~~~~~~~~~~~~~~~~~~~~~~~~~~~~~~~~~~~~~~~-->
        <oneOrMore>
            <grammar>
                <include href="section.rng">
                    <define name="name">
                        <value>node group</value>
                    </define>
                    <define name="content">
                        <parentRef name="nodes.nodeGroup.content"/>
                    </define>
                    <define name="extension">
                        <attribute name="location">
                            <parentRef name="nodes.location.valueset"/>
                        </attribute>
                        <optional>
                            <attribute name="laterality">
                                <parentRef name="laterality.valueset"/>
                            </attribute>
                        </optional>
                    </define>
                </include>
            </grammar>
        </oneOrMore>
        <!--~~~~~~~~~~~~~~~~~~~~~~~~~~~~~~~~~~~~~~~~~~~~~~~~~~~~~~~~~~~~~-->
        <ref name="nodes.extension"/>
        <!--~~~~~~~~~~~~~~~~~~~~~~~~~~~~~~~~~~~~~~~~~~~~~~~~~~~~~~~~~~~~~-->
    </define>
    <!--~~~~~~~~~~~~~~~~~~~~~~~~~~~~~~~~~~~~~~~~~~~~~~~~~~~~~~~~~~~~~-->
    <define combine="interleave" name="nodes.extension">
        <empty/>
    </define>
    <!--~~~~~~~~~~~~~~~~~~~~~~~~~~~~~~~~~~~~~~~~~~~~~~~~~~~~~~~~~~~~~-->
    <define name="nodes.nodeGroup.content">
        <!--~~~~~~~~~~~~~~~~~~~~~~~~~~~~~~~~~~~~~~~~~~~~~~~~~~~~~~~~~~~~~-->
        <ref name="nodes.nodeGroup.tally.content"/>
        <!--~~~~~~~~~~~~~~~~~~~~~~~~~~~~~~~~~~~~~~~~~~~~~~~~~~~~~~~~~~~~~-->
        <optional>
            <grammar>
                <include href="item.rng">
                    <rng:element name="largest_metastasis" xmlns="" xmlns:rng="http://relaxng.org/ns/structure/1.0">
                        <rng:ref name="content"/>
                    </rng:element>
                    <define name="response">
                        <ref name="size"/>
                    </define>
                </include>
            </grammar>
        </optional>
        <!--~~~~~~~~~~~~~~~~~~~~~~~~~~~~~~~~~~~~~~~~~~~~~~~~~~~~~~~~~~~~~-->
        <optional>
            <grammar>
                <include href="item.rng">
                    <rng:element name="extracapsular_extension" xmlns="" xmlns:rng="http://relaxng.org/ns/structure/1.0">
                        <rng:ref name="content"/>
                    </rng:element>
                    <define name="response">
                        <ref name="selectOne"/>
                    </define>
                </include>
                <define name="valueset">
                    <parentRef name="nodes.extracapsularExtension.valueset"/>
                </define>
            </grammar>
        </optional>
        <!--~~~~~~~~~~~~~~~~~~~~~~~~~~~~~~~~~~~~~~~~~~~~~~~~~~~~~~~~~~~~~-->
    </define>
    <!--~~~~~~~~~~~~~~~~~~~~~~~~~~~~~~~~~~~~~~~~~~~~~~~~~~~~~~~~~~~~~-->
    <define name="nodes.nodeGroup.tally.content">
        <!--~~~~~~~~~~~~~~~~~~~~~~~~~~~~~~~~~~~~~~~~~~~~~~~~~~~~~~~~~~~~~-->
        <grammar>
            <include href="item.rng">
                <rng:element name="total" xmlns="" xmlns:rng="http://relaxng.org/ns/structure/1.0">
                    <rng:ref name="content"/>
                </rng:element>
                <define name="response">
                    <ref name="tally"/>
                </define>
            </include>
        </grammar>
        <!--~~~~~~~~~~~~~~~~~~~~~~~~~~~~~~~~~~~~~~~~~~~~~~~~~~~~~~~~~~~~~-->
        <optional>
            <grammar>
                <include href="item.rng">
                    <rng:element name="positive" xmlns="" xmlns:rng="http://relaxng.org/ns/structure/1.0">
                        <rng:ref name="content"/>
                    </rng:element>
                    <define name="response">
                        <ref name="tally"/>
                    </define>
                </include>
            </grammar>
        </optional>
        <!--~~~~~~~~~~~~~~~~~~~~~~~~~~~~~~~~~~~~~~~~~~~~~~~~~~~~~~~~~~~~~-->
        <optional>
            <grammar>
                <include href="item.rng">
                    <rng:element name="regressed" xmlns="" xmlns:rng="http://relaxng.org/ns/structure/1.0">
                        <rng:ref name="content"/>
                    </rng:element>
                    <define name="response">
                        <ref name="tally"/>
                    </define>
                </include>
            </grammar>
        </optional>
        <!--~~~~~~~~~~~~~~~~~~~~~~~~~~~~~~~~~~~~~~~~~~~~~~~~~~~~~~~~~~~~~-->
        <optional>
            <grammar>
                <include href="item.rng">
                    <rng:element name="specify" xmlns="" xmlns:rng="http://relaxng.org/ns/structure/1.0">
                        <rng:ref name="content"/>
                    </rng:element>
                    <define name="response">
                        <ref name="tally"/>
                    </define>
                </include>
            </grammar>
        </optional>
        <!--~~~~~~~~~~~~~~~~~~~~~~~~~~~~~~~~~~~~~~~~~~~~~~~~~~~~~~~~~~~~~-->
    </define>
    <!--=============================================================-->
    <define name="specimen.content">
        <!--~~~~~~~~~~~~~~~~~~~~~~~~~~~~~~~~~~~~~~~~~~~~~~~~~~~~~~~~~~~~~-->
        <grammar>
            <include href="item.rng">
                <rng:element name="procedure" xmlns="" xmlns:rng="http://relaxng.org/ns/structure/1.0">
                    <rng:ref name="content"/>
                </rng:element>
                <define name="response">
                    <ref name="selectMany"/>
                </define>
            </include>
            <define name="valueset">
                <parentRef name="specimen.procedure.valueset"/>
            </define>
        </grammar>
        <!--~~~~~~~~~~~~~~~~~~~~~~~~~~~~~~~~~~~~~~~~~~~~~~~~~~~~~~~~~~~~~-->
        <grammar>
            <include href="item.rng">
                <rng:element name="size" xmlns="" xmlns:rng="http://relaxng.org/ns/structure/1.0">
                    <rng:ref name="content"/>
                </rng:element>
                <define name="response">
                    <ref name="size"/>
                </define>
            </include>
        </grammar>
        <!--~~~~~~~~~~~~~~~~~~~~~~~~~~~~~~~~~~~~~~~~~~~~~~~~~~~~~~~~~~~~~-->
        <optional>
            <grammar>
                <include href="item.rng">
                    <rng:element name="weight" xmlns="" xmlns:rng="http://relaxng.org/ns/structure/1.0">
                        <rng:ref name="content"/>
                    </rng:element>
                    <define name="response">
                        <ref name="weight"/>
                    </define>
                </include>
            </grammar>
        </optional>
        <!--~~~~~~~~~~~~~~~~~~~~~~~~~~~~~~~~~~~~~~~~~~~~~~~~~~~~~~~~~~~~~-->
        <grammar>
            <include href="item.rng">
                <rng:element name="included_sites" xmlns="" xmlns:rng="http://relaxng.org/ns/structure/1.0">
                    <rng:ref name="content"/>
                </rng:element>
                <define name="response">
                    <ref name="selectMany"/>
                </define>
            </include>
            <define name="valueset">
                <parentRef name="specimen.sites.valueset"/>
            </define>
        </grammar>
        <!--~~~~~~~~~~~~~~~~~~~~~~~~~~~~~~~~~~~~~~~~~~~~~~~~~~~~~~~~~~~~~-->
        <optional>
            <grammar>
                <include href="item.rng">
                    <rng:element name="integrity" xmlns="" xmlns:rng="http://relaxng.org/ns/structure/1.0">
                        <rng:ref name="content"/>
                    </rng:element>
                    <define name="response">
                        <ref name="selectOne"/>
                    </define>
                </include>
                <define name="valueset">
                    <parentRef name="specimen.integrity.valueset"/>
                </define>
            </grammar>
        </optional>
        <!--~~~~~~~~~~~~~~~~~~~~~~~~~~~~~~~~~~~~~~~~~~~~~~~~~~~~~~~~~~~~~-->
        <ref name="specimen.extension"/>
        <!--~~~~~~~~~~~~~~~~~~~~~~~~~~~~~~~~~~~~~~~~~~~~~~~~~~~~~~~~~~~~~-->
    </define>
    <!--~~~~~~~~~~~~~~~~~~~~~~~~~~~~~~~~~~~~~~~~~~~~~~~~~~~~~~~~~~~~~-->
    <define combine="interleave" name="specimen.extension">
        <empty/>
    </define>
    <!--=============================================================-->
    <define name="stage.content">
        <!--~~~~~~~~~~~~~~~~~~~~~~~~~~~~~~~~~~~~~~~~~~~~~~~~~~~~~~~~~~~~~-->
        <grammar>
            <include href="item.rng">
                <rng:element name="prefix" xmlns="" xmlns:rng="http://relaxng.org/ns/structure/1.0">
                    <rng:ref name="content"/>
                </rng:element>
                <define name="response">
                    <ref name="selectOne"/>
                </define>
            </include>
            <define name="valueset">
                <parentRef name="stage.prefix.valueset"/>
            </define>
        </grammar>
        <!--~~~~~~~~~~~~~~~~~~~~~~~~~~~~~~~~~~~~~~~~~~~~~~~~~~~~~~~~~~~~~-->
        <optional>
            <grammar>
                <include href="item.rng">
                    <rng:element name="multiplicity" xmlns="" xmlns:rng="http://relaxng.org/ns/structure/1.0">
                        <rng:ref name="content"/>
                    </rng:element>
                    <define name="response">
                        <ref name="selectOne"/>
                    </define>
                </include>
                <define name="valueset">
                    <parentRef name="stage.multiplicity.valueset"/>
                </define>
            </grammar>
        </optional>
        <!--~~~~~~~~~~~~~~~~~~~~~~~~~~~~~~~~~~~~~~~~~~~~~~~~~~~~~~~~~~~~~-->
        <grammar>
            <include href="item.rng">
                <rng:element name="pT" xmlns="" xmlns:rng="http://relaxng.org/ns/structure/1.0">
                    <rng:ref name="content"/>
                </rng:element>
                <define name="response">
                    <ref name="selectOne"/>
                </define>
            </include>
            <define name="valueset">
                <parentRef name="stage.pT.valueset"/>
            </define>
        </grammar>
        <!--~~~~~~~~~~~~~~~~~~~~~~~~~~~~~~~~~~~~~~~~~~~~~~~~~~~~~~~~~~~~~-->
        <grammar>
            <include href="item.rng">
                <rng:element name="pN" xmlns="" xmlns:rng="http://relaxng.org/ns/structure/1.0">
                    <rng:ref name="content"/>
                </rng:element>
                <define name="response">
                    <ref name="selectOne"/>
                </define>
            </include>
            <define name="valueset">
                <parentRef name="stage.pN.valueset"/>
            </define>
        </grammar>
        <!--~~~~~~~~~~~~~~~~~~~~~~~~~~~~~~~~~~~~~~~~~~~~~~~~~~~~~~~~~~~~~-->
        <grammar>
            <include href="item.rng">
                <rng:element name="pM" xmlns="" xmlns:rng="http://relaxng.org/ns/structure/1.0">
                    <rng:ref name="content"/>
                </rng:element>
                <define name="response">
                    <ref name="selectOne"/>
                </define>
            </include>
            <define name="valueset">
                <parentRef name="stage.pM.valueset"/>
            </define>
        </grammar>
        <!--~~~~~~~~~~~~~~~~~~~~~~~~~~~~~~~~~~~~~~~~~~~~~~~~~~~~~~~~~~~~~-->
        <ref name="stage.extension"/>
    </define>
    <!--~~~~~~~~~~~~~~~~~~~~~~~~~~~~~~~~~~~~~~~~~~~~~~~~~~~~~~~~~~~~~-->
    <define combine="interleave" name="stage.extension">
        <empty/>
    </define>
    <!--=============================================================-->
    <define name="studies.content">
        <!--~~~~~~~~~~~~~~~~~~~~~~~~~~~~~~~~~~~~~~~~~~~~~~~~~~~~~~~~~~~~~-->
        <empty/>
        <!--~~~~~~~~~~~~~~~~~~~~~~~~~~~~~~~~~~~~~~~~~~~~~~~~~~~~~~~~~~~~~-->
        <ref name="studies.extension"/>
        <!--~~~~~~~~~~~~~~~~~~~~~~~~~~~~~~~~~~~~~~~~~~~~~~~~~~~~~~~~~~~~~-->
    </define>
    <!--~~~~~~~~~~~~~~~~~~~~~~~~~~~~~~~~~~~~~~~~~~~~~~~~~~~~~~~~~~~~~-->
    <define combine="interleave" name="studies.extension">
        <empty/>
    </define>
    <!--=============================================================-->
    <define name="tumor.content">
        <!--~~~~~~~~~~~~~~~~~~~~~~~~~~~~~~~~~~~~~~~~~~~~~~~~~~~~~~~~~~~~~-->
        <grammar>
            <include href="item.rng">
                <rng:element name="histologic_types" xmlns="" xmlns:rng="http://relaxng.org/ns/structure/1.0">
                    <rng:ref name="content"/>
                </rng:element>
                <define name="response">
                    <ref name="selectMany"/>
                </define>
            </include>
            <define name="valueset">
                <parentRef name="tumor.type.valueset"/>
            </define>
        </grammar>
        <!--~~~~~~~~~~~~~~~~~~~~~~~~~~~~~~~~~~~~~~~~~~~~~~~~~~~~~~~~~~~~~-->
        <ref name="tumor.histologicGrade"/>
        <!--~~~~~~~~~~~~~~~~~~~~~~~~~~~~~~~~~~~~~~~~~~~~~~~~~~~~~~~~~~~~~-->
        <ref name="tumor.extension"/>
        <!--~~~~~~~~~~~~~~~~~~~~~~~~~~~~~~~~~~~~~~~~~~~~~~~~~~~~~~~~~~~~~-->
    </define>
    <!--~~~~~~~~~~~~~~~~~~~~~~~~~~~~~~~~~~~~~~~~~~~~~~~~~~~~~~~~~~~~~-->
    <define combine="choice" name="tumor.histologicGrade">
        <grammar>
            <include href="item.rng">
                <rng:element name="histologic_grade" xmlns="" xmlns:rng="http://relaxng.org/ns/structure/1.0">
                    <rng:ref name="content"/>
                </rng:element>
                <define name="response">
                    <ref name="ordinal"/>
                </define>
            </include>
            <define name="valueset">
                <parentRef name="tumor.grade.valueset"/>
            </define>
            <define name="system.valueset">
                <parentRef name="tumor.gradeSystem.valueset"/>
            </define>
        </grammar>
    </define>
    <!--~~~~~~~~~~~~~~~~~~~~~~~~~~~~~~~~~~~~~~~~~~~~~~~~~~~~~~~~~~~~~-->
    <define combine="interleave" name="tumor.extension">
        <empty/>
    </define>
    <!--=============================================================-->
</grammar>
