<?xml version="1.0" encoding="UTF-8"?>
<?oxygen RNGSchema="file:/Users/me/Dropbox/PERT/branches/refactor/generic/test-harness.rng" type="xml"?>
<?oxygen SCHSchema="../rules/common.sch"?>
<synopsis ecc:schemaLocation="" ecc:version="" grddl:transformation="" xmlns="http://www.cap.org/pert/2009/01/"
	xmlns:ecc="http://www.cap.org/pert/2009/01/" xmlns:grddl="http://www.w3.org/2003/g/data-view#">
	<accessory>
		<label/>
		<venousInvasion>
			<response value="unreported"/>
		</venousInvasion>
		<lymphovascularInvasion>
			<response value="negative"/>
		</lymphovascularInvasion>
		<perineuralInvasion>
			<response value="negative"/>
		</perineuralInvasion>
		<treatmentEffect>
			<response value="complete response"/>
		</treatmentEffect>
	</accessory>
	<additional>
		<item name="specify">
			<specify/>
			<response value="specify">
				<specify>serc</specify>
				<text/>
			</response>
		</item>
	</additional>
	<clinical>
		<priorTherapy date="2008-06">
			<response value="specify">
				<specify>vincristine and methotrexate</specify>
			</response>
		</priorTherapy>
		<clinicalFinding date="2009-10-21">
			<label>Clinical Examination Result:</label>
			<response value="specify">
				<specify>fever</specify>
			</response>
			<comment>no laboratory confirmation</comment>
		</clinicalFinding>
		<clinicalFinding>
			<response value="specify">
				<specify>halitosis</specify>
			</response>
		</clinicalFinding>
		<radiologicFinding>
			<response value="specify">
				<specify>mass</specify>
			</response>
		</radiologicFinding>
	</clinical>
	<extent>
		<tumorSize>
			<dimension>
				<response unit="mm" value="20"/>
			</dimension>
			<dimension>
				<response relation="lessThan" unit="mm" value="20"/>
			</dimension>
			<dimension>
				<response relation="lessThanOrEqual" unit="mm" value="1"/>
			</dimension>
		</tumorSize>
	</extent>
	<margins>
		<margin location="specify">
			<specify>erwre</specify>
			<response closest="positive" value="negative">
				<distance>
					<response unit="cm" value="3.2"/>
				</distance>
			</response>
		</margin>
		<margin location="specify">
			<specify>eferre</specify>
			<response value="negative"/>
		</margin>
	</margins>
	<metastases>
		<metastasis location="unreported">
			<howDiagnosed>
				<response value="clinical history"> </response>
			</howDiagnosed>
			<size>
				<dimension>
					<response unit="mm" value="5.5"/>
				</dimension>
			</size>
		</metastasis>
	</metastases>
	<nodes>
		<nodeGroup location="specify">
			<specify>bellybutton</specify>
			<count status="total">
				<response value="45"/>
			</count>
			<count status="positive">
				<response value="16"/>
				<extracapsular>
					<response value="equivocal"/>
				</extracapsular>
				<largest>
					<dimension>
						<response unit="cm" value="5.5"/>
					</dimension>
				</largest>
			</count>
			<count status="regressed">
				<response value="23"> </response>
			</count>
			<count status="specify">
				<specify/>
				<response value="specify">
					<specify/>
				</response>
			</count>
		</nodeGroup>
	</nodes>
	<specimen>
		<procedure>
			<response value="specify">
				<specify>excision</specify>
				<label>lumpectomy</label>
				<comment>the label is not the conventional term used for this</comment>
			</response>
		</procedure>
		<specimenSize>
			<dimension>
				<response unit="cm" value="4"/>
			</dimension>
		</specimenSize>
		<specimenSite>
			<response value="specify">
				<specify>tip of nose</specify>
			</response>
		</specimenSite>
		<tumorSite>
			<response value="specify">
				<specify>tip of nose</specify>
			</response>
		</tumorSite>
		<integrity>
			<response value="intact"/>
		</integrity>
		<tumorGrossSize>
			<dimension>
				<response unit="mm" value="5.5"/>
			</dimension>
		</tumorGrossSize>
		<specimenWeight>
			<response unit="g" value="200"/>
		</specimenWeight>
	</specimen>
	<stage>
		<prefix>
			<response value="ym"/>
		</prefix>
		<classification>
			<response value="p"/>
		</classification>
		<T>
			<response value="specify">
				<specify>something</specify>
			</response>
		</T>
		<N>
			<response value="specify">
				<specify>something</specify>
			</response>
		</N>
		<M>
			<response value="specify">
				<specify>wrferer</specify>
			</response>
		</M>
	</stage>
	<studies>
		<study name="specify">
			<specify>sahuwefhui</specify>
			<response value="specify">
				<specify>dasferw</specify>
			</response>
		</study>
	</studies>
	<tumor>
		<histologicType>
			<response value="specify">
				<specify>blah blah blah</specify>
			</response>
		</histologicType>
		<grade>
			<response system="WHO" value="specify">
				<specify>ejrijoiergoj</specify>
			</response>
		</grade>
	</tumor>
</synopsis>
