<?xml version="1.0" encoding="UTF-8"?>
<?oxygen RNGSchema="file:/Users/me/Desktop/PERT/branches/valuesAsElements/base/base.rng" type="xml"?>
<synopsis ns1:transformation="" schemaLocation="" version="" xmlns="http://www.cap.org/pert/2009/01/"
   xmlns:ns1="http://www.w3.org/2003/g/data-view#">
   <accessory>
      <lymphovascularInvasion>
         <result>
            <value></value>
         </result>
      </lymphovascularInvasion>
   </accessory>
   <additional>
      <item name="">
         <result>
            <value></value>
         </result>
      </item>
   </additional>
   <clinical>
      <clinicalFinding>
         <result>
            <value></value>
            
         </result>
      </clinicalFinding>
      
   </clinical>
   <extent>
      <size>
         <dimension>
            <unit/>
            <result>
               <value/>
            </result>
         </dimension>
      </size>
      <size>
         <dimension>
            <unit/>
            <result>
               <value/>
            </result>
         </dimension>
      </size>
   </extent>
   <margins/>
   <metastases/>
   <nodes/>
   <specimen>
      <procedure>
         <result>
            <value/>
         </result>
      </procedure>
      <site>
         <result>
            <value/>
         </result>
      </site>
      <tumorLocation>
         <result>
            <value/>
         </result>
      </tumorLocation>
   </specimen>
   <stage>
      <classification>
         <result>
            <value/>
         </result>
      </classification>
      <T>
         <result>
            <value/>
         </result>
      </T>
      <N>
         <result>
            <value/>
         </result>
      </N>
      <M>
         <result>
            <value/>
         </result>
      </M>
   </stage>
   <studies/>
   <tumor>
      <histologicType>
         <result>
            <value/>
         </result>
      </histologicType>
      <grade>
         <result>
            <value/>
         </result>
      </grade>
   </tumor>
</synopsis>
